C51 COMPILER V9.01   PLAYMUSIC                                                             06/02/2021 20:52:43 PAGE 1   


C51 COMPILER V9.01, COMPILATION OF MODULE PLAYMUSIC
OBJECT MODULE PLACED IN PlayMusic.obj
COMPILER INVOKED BY: D:\keil4\C51\BIN\C51.EXE SRC\PlayMusic.c LARGE BROWSE INCDIR(.\SRC) DEBUG OBJECTEXTEND PRINT(.\Play
                    -Music.lst) OBJECT(PlayMusic.obj)

line level    source

   1          
   2          #include "reg52.h"
   3          #include "sbit.h"
   4          #include "PlayMusic.h"
   5          
   6          
   7          #define SYSTEM_OSC              12000000
   8          #define SOUND_SPACE     4/5 
   9          
  10          unsigned int  code FreTab[12]  = { 262,277,294,311,330,349,369,392,415,440,466,494 }; 
  11          unsigned char code SignTab[7]  = { 0,2,4,5,7,9,11 };                                                              
  12          unsigned char code LengthTab[7]= { 1,2,4,8,16,32,64 };                                          
  13          unsigned char Sound_Temp_TH0,Sound_Temp_TL0;
  14          unsigned char Sound_Temp_TH1,Sound_Temp_TL1;
  15          //**************************************************************************
  16          
  17          unsigned char code Music_Girl[]={ 0x17,0x02, 0x17,0x03, 0x18,0x03, 0x19,0x02, 0x15,0x03,
  18                                            0x16,0x03, 0x17,0x03, 0x17,0x03, 0x17,0x03, 0x18,0x03,
  19                                            0x19,0x02, 0x16,0x03, 0x17,0x03, 0x18,0x02, 0x18,0x03,
  20                                            0x17,0x03, 0x15,0x02, 0x18,0x03, 0x17,0x03, 0x18,0x02,
  21                                            0x10,0x03, 0x15,0x03, 0x16,0x02, 0x15,0x03, 0x16,0x03,
  22                                            0x17,0x02, 0x17,0x03, 0x18,0x03, 0x19,0x02, 0x1A,0x03,
  23                                            0x1B,0x03, 0x1F,0x03, 0x1F,0x03, 0x17,0x03, 0x18,0x03,
  24                                            0x19,0x02, 0x16,0x03, 0x17,0x03, 0x18,0x03, 0x17,0x03,
  25                                            0x18,0x03, 0x1F,0x03, 0x1F,0x02, 0x16,0x03, 0x17,0x03,
  26                                            0x18,0x03, 0x17,0x03, 0x18,0x03, 0x20,0x03, 0x20,0x02,
  27                                            0x1F,0x03, 0x1B,0x03, 0x1F,0x66, 0x20,0x03, 0x21,0x03,
  28                                            0x20,0x03, 0x1F,0x03, 0x1B,0x03, 0x1F,0x66, 0x1F,0x03,
  29                                            0x1B,0x03, 0x19,0x03, 0x19,0x03, 0x15,0x03, 0x1A,0x66,
  30                                            0x1A,0x03, 0x19,0x03, 0x15,0x03, 0x15,0x03, 0x17,0x03,
  31                                            0x16,0x66, 0x17,0x04, 0x18,0x04, 0x18,0x03, 0x19,0x03,
  32                                            0x1F,0x03, 0x1B,0x03, 0x1F,0x66, 0x20,0x03, 0x21,0x03,
  33                                            0x20,0x03, 0x1F,0x03, 0x1B,0x03, 0x1F,0x66, 0x1F,0x03,
  34                                            0x1B,0x03, 0x19,0x03, 0x19,0x03, 0x15,0x03, 0x1A,0x66,
  35                                            0x1A,0x03, 0x19,0x03, 0x19,0x03, 0x1F,0x03, 0x1B,0x03,
  36                                            0x1F,0x00, 0x1A,0x03, 0x1A,0x03, 0x1A,0x03, 0x1B,0x03,
  37                                            0x1B,0x03, 0x1A,0x03, 0x19,0x03, 0x19,0x02, 0x17,0x03,
  38                                            0x15,0x17, 0x15,0x03, 0x16,0x03, 0x17,0x03, 0x18,0x03,
  39                                            0x17,0x04, 0x18,0x0E, 0x18,0x03, 0x17,0x04, 0x18,0x0E,
  40                                            0x18,0x66, 0x17,0x03, 0x18,0x03, 0x17,0x03, 0x18,0x03,
  41                                            0x20,0x03, 0x20,0x02, 0x1F,0x03, 0x1B,0x03, 0x1F,0x66,
  42                                            0x20,0x03, 0x21,0x03, 0x20,0x03, 0x1F,0x03, 0x1B,0x03,
  43                                            0x1F,0x66, 0x1F,0x04, 0x1B,0x0E, 0x1B,0x03, 0x19,0x03,
  44                                            0x19,0x03, 0x15,0x03, 0x1A,0x66, 0x1A,0x03, 0x19,0x03,
  45                                            0x15,0x03, 0x15,0x03, 0x17,0x03, 0x16,0x66, 0x17,0x04,
  46                                            0x18,0x04, 0x18,0x03, 0x19,0x03, 0x1F,0x03, 0x1B,0x03,
  47                                            0x1F,0x66, 0x20,0x03, 0x21,0x03, 0x20,0x03, 0x1F,0x03,
  48                                            0x1B,0x03, 0x1F,0x66, 0x1F,0x03, 0x1B,0x03, 0x19,0x03,
  49                                            0x19,0x03, 0x15,0x03, 0x1A,0x66, 0x1A,0x03, 0x19,0x03,
  50                                            0x19,0x03, 0x1F,0x03, 0x1B,0x03, 0x1F,0x00, 0x18,0x02,
  51                                            0x18,0x03, 0x1A,0x03, 0x19,0x0D, 0x15,0x03, 0x15,0x02,
  52                                            0x18,0x66, 0x16,0x02, 0x17,0x02, 0x15,0x00, 0x00,0x00};
  53          
  54          unsigned char code Music_Same[]={ 0x0F,0x01, 0x15,0x02, 0x16,0x02, 0x17,0x66, 0x18,0x03,
C51 COMPILER V9.01   PLAYMUSIC                                                             06/02/2021 20:52:43 PAGE 2   

  55                                            0x17,0x02, 0x15,0x02, 0x16,0x01, 0x15,0x02, 0x10,0x02,
  56                                            0x15,0x00, 0x0F,0x01, 0x15,0x02, 0x16,0x02, 0x17,0x02,
  57                                            0x17,0x03, 0x18,0x03, 0x19,0x02, 0x15,0x02, 0x18,0x66,
  58                                            0x17,0x03, 0x19,0x02, 0x16,0x03, 0x17,0x03, 0x16,0x00,
  59                                            0x17,0x01, 0x19,0x02, 0x1B,0x02, 0x1B,0x70, 0x1A,0x03,
  60                                            0x1A,0x01, 0x19,0x02, 0x19,0x03, 0x1A,0x03, 0x1B,0x02,
  61                                            0x1A,0x0D, 0x19,0x03, 0x17,0x00, 0x18,0x66, 0x18,0x03,
  62                                            0x19,0x02, 0x1A,0x02, 0x19,0x0C, 0x18,0x0D, 0x17,0x03,
  63                                            0x16,0x01, 0x11,0x02, 0x11,0x03, 0x10,0x03, 0x0F,0x0C,
  64                                            0x10,0x02, 0x15,0x00, 0x1F,0x01, 0x1A,0x01, 0x18,0x66,
  65                                            0x19,0x03, 0x1A,0x01, 0x1B,0x02, 0x1B,0x03, 0x1B,0x03,
  66                                            0x1B,0x0C, 0x1A,0x0D, 0x19,0x03, 0x17,0x00, 0x1F,0x01,
  67                                            0x1A,0x01, 0x18,0x66, 0x19,0x03, 0x1A,0x01, 0x10,0x02,
  68                                            0x10,0x03, 0x10,0x03, 0x1A,0x0C, 0x18,0x0D, 0x17,0x03,
  69                                            0x16,0x00, 0x0F,0x01, 0x15,0x02, 0x16,0x02, 0x17,0x70,
  70                                            0x18,0x03, 0x17,0x02, 0x15,0x03, 0x15,0x03, 0x16,0x66,
  71                                            0x16,0x03, 0x16,0x02, 0x16,0x03, 0x15,0x03, 0x10,0x02,
  72                                            0x10,0x01, 0x11,0x01, 0x11,0x66, 0x10,0x03, 0x0F,0x0C,
  73                                            0x1A,0x02, 0x19,0x02, 0x16,0x03, 0x16,0x03, 0x18,0x66,
  74                                            0x18,0x03, 0x18,0x02, 0x17,0x03, 0x16,0x03, 0x19,0x00,
  75                                            0x00,0x00 };
  76                                                                                                             
  77          unsigned char code Music_Two[] ={ 0x17,0x03, 0x16,0x03, 0x17,0x01, 0x16,0x03, 0x17,0x03,
  78                                            0x16,0x03, 0x15,0x01, 0x10,0x03, 0x15,0x03, 0x16,0x02,
  79                                            0x16,0x0D, 0x17,0x03, 0x16,0x03, 0x15,0x03, 0x10,0x03,
  80                                            0x10,0x0E, 0x15,0x04, 0x0F,0x01, 0x17,0x03, 0x16,0x03,
  81                                            0x17,0x01, 0x16,0x03, 0x17,0x03, 0x16,0x03, 0x15,0x01,
  82                                            0x10,0x03, 0x15,0x03, 0x16,0x02, 0x16,0x0D, 0x17,0x03,
  83                                            0x16,0x03, 0x15,0x03, 0x10,0x03, 0x15,0x03, 0x16,0x01,
  84                                            0x17,0x03, 0x16,0x03, 0x17,0x01, 0x16,0x03, 0x17,0x03,
  85                                            0x16,0x03, 0x15,0x01, 0x10,0x03, 0x15,0x03, 0x16,0x02,
  86                                            0x16,0x0D, 0x17,0x03, 0x16,0x03, 0x15,0x03, 0x10,0x03,
  87                                            0x10,0x0E, 0x15,0x04, 0x0F,0x01, 0x17,0x03, 0x19,0x03,
  88                                            0x19,0x01, 0x19,0x03, 0x1A,0x03, 0x19,0x03, 0x17,0x01,
  89                                            0x16,0x03, 0x16,0x03, 0x16,0x02, 0x16,0x0D, 0x17,0x03,
  90                                            0x16,0x03, 0x15,0x03, 0x10,0x03, 0x10,0x0D, 0x15,0x00,
  91                                            0x19,0x03, 0x19,0x03, 0x1A,0x03, 0x1F,0x03, 0x1B,0x03,
  92                                            0x1B,0x03, 0x1A,0x03, 0x17,0x0D, 0x16,0x03, 0x16,0x03,
  93                                            0x16,0x0D, 0x17,0x01, 0x17,0x03, 0x17,0x03, 0x19,0x03,
  94                                            0x1A,0x02, 0x1A,0x02, 0x10,0x03, 0x17,0x0D, 0x16,0x03,
  95                                            0x16,0x01, 0x17,0x03, 0x19,0x03, 0x19,0x03, 0x17,0x03,
  96                                            0x19,0x02, 0x1F,0x02, 0x1B,0x03, 0x1A,0x03, 0x1A,0x0E,
  97                                            0x1B,0x04, 0x17,0x02, 0x1A,0x03, 0x1A,0x03, 0x1A,0x0E,
  98                                            0x1B,0x04, 0x1A,0x03, 0x19,0x03, 0x17,0x03, 0x16,0x03,
  99                                            0x17,0x0D, 0x16,0x03, 0x17,0x03, 0x19,0x01, 0x19,0x03,
 100                                            0x19,0x03, 0x1A,0x03, 0x1F,0x03, 0x1B,0x03, 0x1B,0x03,
 101                                            0x1A,0x03, 0x17,0x0D, 0x16,0x03, 0x16,0x03, 0x16,0x03,
 102                                            0x17,0x01, 0x17,0x03, 0x17,0x03, 0x19,0x03, 0x1A,0x02,
 103                                            0x1A,0x02, 0x10,0x03, 0x17,0x0D, 0x16,0x03, 0x16,0x01,
 104                                            0x17,0x03, 0x19,0x03, 0x19,0x03, 0x17,0x03, 0x19,0x03,
 105                                            0x1F,0x02, 0x1B,0x03, 0x1A,0x03, 0x1A,0x0E, 0x1B,0x04,
 106                                            0x17,0x02, 0x1A,0x03, 0x1A,0x03, 0x1A,0x0E, 0x1B,0x04,
 107                                            0x17,0x16, 0x1A,0x03, 0x1A,0x03, 0x1A,0x0E, 0x1B,0x04,
 108                                            0x1A,0x03, 0x19,0x03, 0x17,0x03, 0x16,0x03, 0x0F,0x02,
 109                                            0x10,0x03, 0x15,0x00, 0x00,0x00 };
 110                                                                          
 111          unsigned char code Music_Code1[]={ 0x1A,0x67, 0x1A,0x04, 0x1F,0x03, 0x1F,0x03, 0x1A,0x66,
 112                                            0x1A,0x03, 0x19,0x03, 0x17,0x03, 0x19,0x03, 0x1F,0x03,
 113                                            0x1A,0x16, 0x1A,0x03, 0x1F,0x03, 0x1F,0x67, 0x1F,0x04,
 114                                            0x1F,0x02, 0x19,0x02, 0x1A,0x03, 0x19,0x03, 0x16,0x03,
 115                                            0x19,0x03  };
 116                                                                            
C51 COMPILER V9.01   PLAYMUSIC                                                             06/02/2021 20:52:43 PAGE 3   

 117          void Delay1ms(unsigned int count)
 118          {
 119   1              unsigned int i,j;
 120   1              for(i=0;i<count;i++)
 121   1              for(j=0;j<120;j++);
 122   1      }
 123          
 124          //**************************************************************************
 125          void InitialSound(void)
 126          {
 127   1              BeepIO = 0;
 128   1              Sound_Temp_TH1 = (65535-(1/1200)*SYSTEM_OSC)/256;
 129   1              Sound_Temp_TL1 = (65535-(1/1200)*SYSTEM_OSC)%256;
 130   1              TH1 = Sound_Temp_TH1;
 131   1              TL1 = Sound_Temp_TL1;
 132   1              TMOD  |= 0x11;
 133   1              ET0    = 1;
 134   1              ET1        = 0;
 135   1              TR0        = 0;
 136   1              TR1    = 0;
 137   1              EA     = 1;
 138   1      }
 139          
 140          void BeepTimer0(void) interrupt 1
 141          {
 142   1              BeepIO = !BeepIO;
 143   1              TH0    = Sound_Temp_TH0;
 144   1              TL0    = Sound_Temp_TL0;
 145   1      }
 146          //**************************************************************************
 147          void Play(unsigned char *Sound,unsigned char Signature,unsigned Octachord,unsigned int Speed)
 148          {
 149   1              unsigned int NewFreTab[12];             
 150   1              unsigned char i,j;
 151   1              unsigned int Point,LDiv,LDiv0,LDiv1,LDiv2,LDiv4,CurrentFre,Temp_T,SoundLength;
 152   1              unsigned char Tone,Length,SL,SH,SM,SLen,XG,FD;
 153   1              for(i=0;i<12;i++)                       
 154   1              {
 155   2                      j = i + Signature;
 156   2                      if(j > 11)
 157   2                      {
 158   3                              j = j-12;
 159   3                              NewFreTab[i] = FreTab[j]*2;
 160   3                      }
 161   2                      else
 162   2                              NewFreTab[i] = FreTab[j];
 163   2      
 164   2                      if(Octachord == 1)
 165   2                              NewFreTab[i]>>=2;
 166   2                      else if(Octachord == 3)
 167   2                              NewFreTab[i]<<=2;
 168   2              }                                                                       
 169   1              
 170   1              SoundLength = 0;
 171   1              while(Sound[SoundLength] != 0x00)       
 172   1              {
 173   2                      SoundLength+=2;
 174   2              }
 175   1      
 176   1              Point = 0;
 177   1              Tone   = Sound[Point];  
 178   1              Length = Sound[Point+1];                
C51 COMPILER V9.01   PLAYMUSIC                                                             06/02/2021 20:52:43 PAGE 4   

 179   1              
 180   1              LDiv0 = 12000/Speed;                    
 181   1              LDiv4 = LDiv0/4;                                
 182   1              LDiv4 = LDiv4-LDiv4*SOUND_SPACE; 
 183   1              TR0       = 0;
 184   1              TR1   = 1;
 185   1              while(Point < SoundLength)
 186   1              {
 187   2                      SL=Tone%10;                                                     
 188   2                      SM=Tone/10%10;                                          
 189   2                      SH=Tone/100;                                                    
 190   2                      CurrentFre = NewFreTab[SignTab[SL-1]+SH];       
 191   2                      if(SL!=0)
 192   2                      {
 193   3                              if (SM==1) CurrentFre >>= 2;    
 194   3                              if (SM==3) CurrentFre <<= 2;    
 195   3                              Temp_T = 65536-(50000/CurrentFre)*10/(12000000/SYSTEM_OSC);
 196   3                              Sound_Temp_TH0 = Temp_T/256; 
 197   3                              Sound_Temp_TL0 = Temp_T%256; 
 198   3                              TH0 = Sound_Temp_TH0;  
 199   3                              TL0 = Sound_Temp_TL0 + 12; 
 200   3                      }
 201   2                      SLen=LengthTab[Length%10];      
 202   2                      XG=Length/10%10;                        
 203   2                      FD=Length/100;
 204   2                      LDiv=LDiv0/SLen;                
 205   2                      if (FD==1) 
 206   2                              LDiv=LDiv+LDiv/2;
 207   2                      if(XG!=1)       
 208   2                              if(XG==0)                               
 209   2                                      if (SLen<=4)    
 210   2                                              LDiv1=LDiv-LDiv4;
 211   2                                      else
 212   2                                              LDiv1=LDiv*SOUND_SPACE;
 213   2                              else
 214   2                                      LDiv1=LDiv/2;           
 215   2                      else
 216   2                              LDiv1=LDiv;
 217   2                      if(SL==0) LDiv1=0;
 218   2                              LDiv2=LDiv-LDiv1;       
 219   2                      if (SL!=0)
 220   2                      {
 221   3                              TR0=1;
 222   3                  for(i=LDiv1;i>0;i--)
 223   3                              {
 224   4                                      while(TF1==0);
 225   4                                      TH1 = Sound_Temp_TH1;
 226   4                                      TL1 = Sound_Temp_TL1;
 227   4                                      TF1=0;
 228   4                              }
 229   3                      }
 230   2                      if(LDiv2!=0)
 231   2                      {
 232   3                              TR0=0; BeepIO=0;
 233   3                              for(i=LDiv2;i>0;i--)    
 234   3                              {
 235   4                                      while(TF1==0);
 236   4                                      TH1 = Sound_Temp_TH1;
 237   4                                      TL1 = Sound_Temp_TL1;
 238   4                                      TF1=0;
 239   4                              }
 240   3                      }
C51 COMPILER V9.01   PLAYMUSIC                                                             06/02/2021 20:52:43 PAGE 5   

 241   2                      Point+=2; 
 242   2                      Tone=Sound[Point];
 243   2                      Length=Sound[Point+1];
 244   2              }
 245   1              BeepIO = 0;
 246   1      }
 247          void Play_Music1()
 248          {
 249   1              InitialSound();
 250   1              Play(Music_Girl,0,3,360);
 251   1              Delay1ms(500);
 252   1      }
 253          void Play_Music2()
 254          {
 255   1              InitialSound();
 256   1              Play(Music_Same,0,3,360);
 257   1              Delay1ms(500);
 258   1      }
 259          void Play_Music3()
 260          {
 261   1              InitialSound();
 262   1              Play(Music_Two,0,3,360);
 263   1              Delay1ms(500);
 264   1      }
 265          
 266          void Play_Music4()
 267          {
 268   1              InitialSound();
 269   1              Play(Music_Code1,0,3,360);
 270   1              Delay1ms(500);  
 271   1              
 272   1      }
 273          
 274          //**************************************************************************
 275          
 276          //***********************************************************************************


MODULE INFORMATION:   STATIC OVERLAYABLE
   CODE SIZE        =   1132    ----
   CONSTANT SIZE    =    978    ----
   XDATA SIZE       =      4      51
   PDATA SIZE       =   ----    ----
   DATA SIZE        =   ----    ----
   IDATA SIZE       =   ----    ----
   BIT SIZE         =   ----    ----
END OF MODULE INFORMATION.


C51 COMPILATION COMPLETE.  0 WARNING(S),  0 ERROR(S)
