C51 COMPILER V9.01   UART                                                                  06/02/2021 20:52:43 PAGE 1   


C51 COMPILER V9.01, COMPILATION OF MODULE UART
OBJECT MODULE PLACED IN uart.obj
COMPILER INVOKED BY: D:\keil4\C51\BIN\C51.EXE SRC\uart.c LARGE BROWSE INCDIR(.\SRC) DEBUG OBJECTEXTEND PRINT(.\uart.lst)
                    - OBJECT(uart.obj)

line level    source

   1          #include "reg52.h"
   2          #include "uart.h"
   3          #include "sbit.h"
   4          #define TRUE 1
   5          #define FALSE 0
   6          #define u8 unsigned char
   7          #define u16 unsigned int
   8          
   9          u8 data UartBuf[UART_MAX_LEN] = { 0 };
  10          u8 UartCount = 0, UartLen = 0, UartStart = FALSE, UartComp = FALSE;
  11          u16 UartWaitTime = 0;
  12          
  13          /**********************************************************************
  14          functionName:putChar(BYTE sentData)
  15          description:通过串口发送数据sentData
  16          **********************************************************************/
  17          void send_byte( u8 SendData )
  18          {
  19   1              ES = 0;
  20   1              TI = 0;
  21   1              SBUF = SendData;
  22   1              while( TI == 0 );
  23   1              TI = 0;
  24   1              ES = 1;
  25   1      }
  26          
  27          
  28          void send_bytes( u8 *Buf, u8 Len )
  29          {
  30   1              while( Len-- )
  31   1              {
  32   2                      send_byte( *Buf++ );    
  33   2              }
  34   1      }
  35          
  36          
  37          /**********************************************************************
  38          串口发送格式：fe  cmdlen  datalen cxx cxx dxx dxx dxx ... check
  39          **********************************************************************/
  40          
  41          //UART0 initialize
  42          // desired baud rate: 9600
  43          // actual: baud rate:9600 (0.0%)
  44          // char size: 8 bit
  45          // parity: Disabled
  46          
  47          void Uart_Init_As608(void)
  48          {
  49   1              T2MOD = 0x01;
  50   1              T2CON = 0x30;
  51   1              TL2 = 0xfa;     //计数初值设置波特率57600bps
  52   1              TH2 = 0xff;     //装载固定初值
  53   1              RCAP2L = 0xfa;
  54   1              RCAP2H = 0xff;
C51 COMPILER V9.01   UART                                                                  06/02/2021 20:52:43 PAGE 2   

  55   1          SCON = 0x50;        //串口方式1,1个起始位,1个停止位,8位数据，可变波特率
  56   1              PCON = 0X00;    //波特率不加倍
  57   1              TR2 = 1;
  58   1              ES = 0;                 //关闭串口中断
  59   1              EA = 1;                 //开启总中断
  60   1      }
  61          
  62          void Uart_Init_Slave(void)
  63          {
  64   1              T2MOD = 0x01;
  65   1              T2CON = 0x30;
  66   1              TL2 = 0xdc;     //计数初值设置波特率9600bps
  67   1              TH2 = 0xff;     //装载固定初值
  68   1              RCAP2L = 0xdc;
  69   1              RCAP2H = 0xff;
  70   1          SCON = 0xd0;
  71   1              PCON = 0x80;    
  72   1              TR2 = 1;
  73   1              ES = 0;             //关闭串口中断
  74   1              EA = 1;                 //开启总中断
  75   1      }
  76          
  77          void send(u8 Data)     //发送数据程序
  78          {  
  79   1         TI=0;           //软件复位TI
  80   1         TB8=0;          //发送数据帧
  81   1         SBUF=Data;      //发送数据
  82   1         while(!TI);
  83   1         TI=0;
  84   1      }
  85          
  86          void Uart_Send_Byte(unsigned char c)//UART Send a byte
  87          {
  88   1              SBUF = c;
  89   1              while(!TI);             //发送完为1 
  90   1              TI = 0;
  91   1      }
  92          
  93          unsigned char Uart_Receive_Byte()//UART Receive a byteg
  94          {       
  95   1              unsigned char dat;
  96   1              while(!RI);      //接收完为1 
  97   1              RI = 0;
  98   1              dat = SBUF;
  99   1              return (dat);
 100   1      }
 101          //双机交互函数
 102          u8 Receive(void) //接收数据
 103          {
 104   1         u8 Data;
 105   1         while(!RI); 
 106   1         Data=SBUF;
 107   1         RI=0;   //等待接受完毕
 108   1         return Data;
 109   1      }
 110          


MODULE INFORMATION:   STATIC OVERLAYABLE
   CODE SIZE        =    155    ----
   CONSTANT SIZE    =   ----    ----
   XDATA SIZE       =      6       3
C51 COMPILER V9.01   UART                                                                  06/02/2021 20:52:43 PAGE 3   

   PDATA SIZE       =   ----    ----
   DATA SIZE        =     50    ----
   IDATA SIZE       =   ----    ----
   BIT SIZE         =   ----    ----
END OF MODULE INFORMATION.


C51 COMPILATION COMPLETE.  0 WARNING(S),  0 ERROR(S)
