C51 COMPILER V9.01   TIMER                                                                 06/02/2021 22:42:39 PAGE 1   


C51 COMPILER V9.01, COMPILATION OF MODULE TIMER
OBJECT MODULE PLACED IN timer.obj
COMPILER INVOKED BY: D:\keil4\C51\BIN\C51.EXE SRC\timer.c LARGE BROWSE INCDIR(.\SRC) DEBUG OBJECTEXTEND PRINT(.\timer.ls
                    -t) OBJECT(timer.obj)

line level    source

   1          #include "reg52.h"
   2          #include "main.h"
   3          #include "uart.h"
   4          #include "ctrl.h"
   5          
   6          #define TIME10MS        4
   7          #define TIME80MS        6
   8          #define TIME200MS       20
   9          
  10          u16 UartWaitTime = 0, RequestCardTime = 0;      
  11          u8 TimerTh0, TimerTl0;
  12          
  13          //TIMER1 initialize - prescale:8
  14          // desired value: 20mSec
  15          // actual value: 19.999mSec (0.0%)
  16          void init_timer(void)  //20ms
  17          {
  18   1              TMOD = 0x21;     //定时器1自动重载  定时器0 普通16位计时
  19   1      
  20   1              TH0 = (65535-20000)/256;//0x69;
  21   1              TL0 = (65535-20000)%256; //0xFA;
  22   1              ET0 = 1;
  23   1              TR0 = 1;
  24   1      
  25   1              TH1 = 256 - FOSC / 12 / 32 / BAUD;
  26   1              TL1 = 256 - FOSC / 12 / 32 / BAUD;
  27   1              TR1 = 1;
  28   1      }
  29          
  30          /*void  time0_routine(void) interrupt 1
  31          {
  32            //TIMER1 has overflowed
  33            //TMOD = 0x01;
  34          
  35                  TH0 = (65535-20000)/256;//0x69;
  36                  TL0 = (65535-20000)%256; //0xFA;
  37          
  38                  RequestCardTime ++;
  39          
  40                  if( ( ( UartWaitTime ++ ) >= TIME10MS ) && ( UartStart == TRUE ) )
  41                  {
  42                          uart_over();
  43                  }                               
  44          }
  45           */
  46          void Delay_ms(int ms)    //延时xms
  47          {
  48   1          unsigned int i,j;
  49   1              for(i=ms;i>0;i--)
  50   1                 for(j=220;j>0;j--);
  51   1      }


MODULE INFORMATION:   STATIC OVERLAYABLE
C51 COMPILER V9.01   TIMER                                                                 06/02/2021 22:42:39 PAGE 2   

   CODE SIZE        =     52    ----
   CONSTANT SIZE    =   ----    ----
   XDATA SIZE       =      6    ----
   PDATA SIZE       =   ----    ----
   DATA SIZE        =   ----    ----
   IDATA SIZE       =   ----    ----
   BIT SIZE         =   ----    ----
END OF MODULE INFORMATION.


C51 COMPILATION COMPLETE.  0 WARNING(S),  0 ERROR(S)
